<?xml version="1.0" encoding="UTF-8"?>
<!-- Generated by org.testng.reporters.JUnitReportReporter -->
<testsuite hostname="LAPTOP-6A7NESE0" failures="0" tests="1" name="mavenproject1.testone.Testonedemo" time="11.335" errors="0" timestamp="2021-01-26T20:41:00 IST" skipped="0">
  <testcase classname="mavenproject1.testone.Testonedemo" name="demo" time="11.335"/>
  <system-out/>
</testsuite> <!-- mavenproject1.testone.Testonedemo -->
